{
  "timestamp": "2025-10-03T16:00:18.447018",
  "test_type": "unit",
  "total_tests": 29,
  "passed": 27,
  "failed": 1,
  "errors": 1,
  "test_results": [
    {
      "test_name": "test_summary_generation_basic (test_categorization.TestSummaryGeneration.test_summary_generation_basic)",
      "status": "failed",
      "error": "Traceback (most recent call last):\n  File \"/Users/bamr87/github/docs-in-a-row/tests/unit/test_cases/test_categorization.py\", line 148, in test_summary_generation_basic\n    self.assertIn(\"meaningful content\", result)\n    ~~~~~~~~~~~~~^^^^^^^^^^^^^^^^^^^^^^^^^^^^^^\nAssertionError: 'meaningful content' not found in 'This is a second paragraph that should not be included in the summary.'\n"
    },
    {
      "test_name": "test_find_documentation_files (test_repo_operations.TestRepoOperations.test_find_documentation_files)",
      "status": "error",
      "error": "Traceback (most recent call last):\n  File \"/Users/bamr87/github/docs-in-a-row/tests/unit/test_cases/test_repo_operations.py\", line 112, in test_find_documentation_files\n    (test_dir / \".git\" / \"config\").write_text(\"git config\")\n    ~~~~~~~~~~~~~~~~~~~~~~~~~~~~~~~~~~~~~~~~~^^^^^^^^^^^^^^\n  File \"/opt/homebrew/Cellar/python@3.13/3.13.1/Frameworks/Python.framework/Versions/3.13/lib/python3.13/pathlib/_local.py\", line 555, in write_text\n    return PathBase.write_text(self, data, encoding, errors, newline)\n           ~~~~~~~~~~~~~~~~~~~^^^^^^^^^^^^^^^^^^^^^^^^^^^^^^^^^^^^^^^\n  File \"/opt/homebrew/Cellar/python@3.13/3.13.1/Frameworks/Python.framework/Versions/3.13/lib/python3.13/pathlib/_abc.py\", line 651, in write_text\n    with self.open(mode='w', encoding=encoding, errors=errors, newline=newline) as f:\n         ~~~~~~~~~^^^^^^^^^^^^^^^^^^^^^^^^^^^^^^^^^^^^^^^^^^^^^^^^^^^^^^^^^^^^^\n  File \"/opt/homebrew/Cellar/python@3.13/3.13.1/Frameworks/Python.framework/Versions/3.13/lib/python3.13/pathlib/_local.py\", line 537, in open\n    return io.open(self, mode, buffering, encoding, errors, newline)\n           ~~~~~~~^^^^^^^^^^^^^^^^^^^^^^^^^^^^^^^^^^^^^^^^^^^^^^^^^^\nIsADirectoryError: [Errno 21] Is a directory: '/var/folders/d0/bps8c92508n9lvgf0z1bv23w0000gp/T/tmpj2ugu2h6/test_repo/.git/config'\n"
    }
  ]
}