{
  "timestamp": "2025-10-03T15:59:09.900877",
  "test_type": "unit",
  "total_tests": 29,
  "passed": 19,
  "failed": 8,
  "errors": 2,
  "test_results": [
    {
      "test_name": "test_categorization_basic (test_categorization.TestCategorization.test_categorization_basic) (description='Installation content')",
      "status": "failed",
      "error": "Traceback (most recent call last):\n  File \"/Users/bamr87/github/docs-in-a-row/tests/unit/test_cases/test_categorization.py\", line 59, in test_categorization_basic\n    self.assertEqual(result, case[\"expected_category\"])\n    ~~~~~~~~~~~~~~~~^^^^^^^^^^^^^^^^^^^^^^^^^^^^^^^^^^^\nAssertionError: 'user-guides' != 'setup'\n- user-guides\n+ setup\n\n"
    },
    {
      "test_name": "test_summary_generation_basic (test_categorization.TestSummaryGeneration.test_summary_generation_basic)",
      "status": "failed",
      "error": "Traceback (most recent call last):\n  File \"/Users/bamr87/github/docs-in-a-row/tests/unit/test_cases/test_categorization.py\", line 147, in test_summary_generation_basic\n    self.assertIn(\"first paragraph\", result)\n    ~~~~~~~~~~~~~^^^^^^^^^^^^^^^^^^^^^^^^^^^\nAssertionError: 'first paragraph' not found in 'This is a second paragraph that should not be included in the summary.'\n"
    },
    {
      "test_name": "test_tag_generation_basic (test_categorization.TestTagGeneration.test_tag_generation_basic) (description='JavaScript React content')",
      "status": "failed",
      "error": "Traceback (most recent call last):\n  File \"/Users/bamr87/github/docs-in-a-row/tests/unit/test_cases/test_categorization.py\", line 123, in test_tag_generation_basic\n    self.assertIn(expected_tag, result)\n    ~~~~~~~~~~~~~^^^^^^^^^^^^^^^^^^^^^^\nAssertionError: 'api' not found in ['javascript']\n"
    },
    {
      "test_name": "test_tag_generation_basic (test_categorization.TestTagGeneration.test_tag_generation_basic) (description='AWS content')",
      "status": "failed",
      "error": "Traceback (most recent call last):\n  File \"/Users/bamr87/github/docs-in-a-row/tests/unit/test_cases/test_categorization.py\", line 123, in test_tag_generation_basic\n    self.assertIn(expected_tag, result)\n    ~~~~~~~~~~~~~^^^^^^^^^^^^^^^^^^^^^^\nAssertionError: 'api' not found in ['aws']\n"
    },
    {
      "test_name": "test_process_markdown_file_basic (test_file_processing.TestFileProcessing.test_process_markdown_file_basic)",
      "status": "failed",
      "error": "Traceback (most recent call last):\n  File \"/Users/bamr87/github/docs-in-a-row/tests/unit/test_cases/test_file_processing.py\", line 157, in test_process_markdown_file_basic\n    self.assertTrue(expected_path.exists())\n    ~~~~~~~~~~~~~~~^^^^^^^^^^^^^^^^^^^^^^^^\nAssertionError: False is not true\n"
    },
    {
      "test_name": "test_process_markdown_file_with_existing_front_matter (test_file_processing.TestFileProcessing.test_process_markdown_file_with_existing_front_matter)",
      "status": "failed",
      "error": "Traceback (most recent call last):\n  File \"/Users/bamr87/github/docs-in-a-row/tests/unit/test_cases/test_file_processing.py\", line 185, in test_process_markdown_file_with_existing_front_matter\n    self.assertTrue(expected_path.exists())\n    ~~~~~~~~~~~~~~~^^^^^^^^^^^^^^^^^^^^^^^^\nAssertionError: False is not true\n"
    },
    {
      "test_name": "test_generate_front_matter_with_existing_front_matter (test_file_processing.TestFrontMatterGeneration.test_generate_front_matter_with_existing_front_matter)",
      "status": "failed",
      "error": "Traceback (most recent call last):\n  File \"/Users/bamr87/github/docs-in-a-row/tests/unit/test_cases/test_file_processing.py\", line 113, in test_generate_front_matter_with_existing_front_matter\n    self.assertEqual(result[\"title\"], \"Existing Title\")\n    ~~~~~~~~~~~~~~~~^^^^^^^^^^^^^^^^^^^^^^^^^^^^^^^^^^^\nAssertionError: 'API Documentation' != 'Existing Title'\n- API Documentation\n+ Existing Title\n\n"
    },
    {
      "test_name": "test_extract_title_from_front_matter (test_file_processing.TestTitleExtraction.test_extract_title_from_front_matter)",
      "status": "failed",
      "error": "Traceback (most recent call last):\n  File \"/Users/bamr87/github/docs-in-a-row/tests/unit/test_cases/test_file_processing.py\", line 41, in test_extract_title_from_front_matter\n    self.assertEqual(result, \"Front Matter Title\")\n    ~~~~~~~~~~~~~~~~^^^^^^^^^^^^^^^^^^^^^^^^^^^^^^\nAssertionError: 'H1 Title' != 'Front Matter Title'\n- H1 Title\n+ Front Matter Title\n\n"
    },
    {
      "test_name": "test_copy_documentation_files (test_repo_operations.TestRepoOperations.test_copy_documentation_files)",
      "status": "error",
      "error": "Traceback (most recent call last):\n  File \"/Users/bamr87/github/docs-in-a-row/tests/unit/test_cases/test_repo_operations.py\", line 135, in test_copy_documentation_files\n    (test_dir / \"docs\" / \"api.md\").write_text(\"# API Documentation\")\n    ~~~~~~~~~~~~~~~~~~~~~~~~~~~~~~~~~~~~~~~~~^^^^^^^^^^^^^^^^^^^^^^^\n  File \"/opt/homebrew/Cellar/python@3.13/3.13.1/Frameworks/Python.framework/Versions/3.13/lib/python3.13/pathlib/_local.py\", line 555, in write_text\n    return PathBase.write_text(self, data, encoding, errors, newline)\n           ~~~~~~~~~~~~~~~~~~~^^^^^^^^^^^^^^^^^^^^^^^^^^^^^^^^^^^^^^^\n  File \"/opt/homebrew/Cellar/python@3.13/3.13.1/Frameworks/Python.framework/Versions/3.13/lib/python3.13/pathlib/_abc.py\", line 651, in write_text\n    with self.open(mode='w', encoding=encoding, errors=errors, newline=newline) as f:\n         ~~~~~~~~~^^^^^^^^^^^^^^^^^^^^^^^^^^^^^^^^^^^^^^^^^^^^^^^^^^^^^^^^^^^^^\n  File \"/opt/homebrew/Cellar/python@3.13/3.13.1/Frameworks/Python.framework/Versions/3.13/lib/python3.13/pathlib/_local.py\", line 537, in open\n    return io.open(self, mode, buffering, encoding, errors, newline)\n           ~~~~~~~^^^^^^^^^^^^^^^^^^^^^^^^^^^^^^^^^^^^^^^^^^^^^^^^^^\nIsADirectoryError: [Errno 21] Is a directory: '/var/folders/d0/bps8c92508n9lvgf0z1bv23w0000gp/T/tmpfog_e34f/test_repo/docs/api.md'\n"
    },
    {
      "test_name": "test_find_documentation_files (test_repo_operations.TestRepoOperations.test_find_documentation_files)",
      "status": "error",
      "error": "Traceback (most recent call last):\n  File \"/Users/bamr87/github/docs-in-a-row/tests/unit/test_cases/test_repo_operations.py\", line 107, in test_find_documentation_files\n    (test_dir / \"docs\" / \"api.md\").write_text(\"# API Documentation\")\n    ~~~~~~~~~~~~~~~~~~~~~~~~~~~~~~~~~~~~~~~~~^^^^^^^^^^^^^^^^^^^^^^^\n  File \"/opt/homebrew/Cellar/python@3.13/3.13.1/Frameworks/Python.framework/Versions/3.13/lib/python3.13/pathlib/_local.py\", line 555, in write_text\n    return PathBase.write_text(self, data, encoding, errors, newline)\n           ~~~~~~~~~~~~~~~~~~~^^^^^^^^^^^^^^^^^^^^^^^^^^^^^^^^^^^^^^^\n  File \"/opt/homebrew/Cellar/python@3.13/3.13.1/Frameworks/Python.framework/Versions/3.13/lib/python3.13/pathlib/_abc.py\", line 651, in write_text\n    with self.open(mode='w', encoding=encoding, errors=errors, newline=newline) as f:\n         ~~~~~~~~~^^^^^^^^^^^^^^^^^^^^^^^^^^^^^^^^^^^^^^^^^^^^^^^^^^^^^^^^^^^^^\n  File \"/opt/homebrew/Cellar/python@3.13/3.13.1/Frameworks/Python.framework/Versions/3.13/lib/python3.13/pathlib/_local.py\", line 537, in open\n    return io.open(self, mode, buffering, encoding, errors, newline)\n           ~~~~~~~^^^^^^^^^^^^^^^^^^^^^^^^^^^^^^^^^^^^^^^^^^^^^^^^^^\nIsADirectoryError: [Errno 21] Is a directory: '/var/folders/d0/bps8c92508n9lvgf0z1bv23w0000gp/T/tmp1e_d879r/test_repo/docs/api.md'\n"
    }
  ]
}